# Run time limited to 90 wall-clock seconds
#
# C++ (optimized with -O2)
# ... compilation
# ... run 1
real_TIME:89.23sec user_CPU:84.42sec sys_CPU:4.79sec max_RSS:55064kb swaps:0 ctx_sw:462+1 nlines:938 run_try:1  header:'C++ (optimized with -O2)' version:'g++ (Debian 6.1.1-11) 6.1.1 20160802 ' src_file:primes.cpp
# ... run 2
real_TIME:90.01sec user_CPU:85.04sec sys_CPU:4.92sec max_RSS:55148kb swaps:0 ctx_sw:567+1 nlines:957 run_try:2  header:'C++ (optimized with -O2)' version:'g++ (Debian 6.1.1-11) 6.1.1 20160802 ' src_file:primes.cpp
# ... run 3
real_TIME:89.95sec user_CPU:84.82sec sys_CPU:5.11sec max_RSS:55084kb swaps:0 ctx_sw:375+1 nlines:974 run_try:3  header:'C++ (optimized with -O2)' version:'g++ (Debian 6.1.1-11) 6.1.1 20160802 ' src_file:primes.cpp
# ... run 4
real_TIME:89.94sec user_CPU:85.18sec sys_CPU:4.75sec max_RSS:55084kb swaps:0 ctx_sw:433+1 nlines:936 run_try:4  header:'C++ (optimized with -O2)' version:'g++ (Debian 6.1.1-11) 6.1.1 20160802 ' src_file:primes.cpp
# ... run 5
real_TIME:90.00sec user_CPU:85.07sec sys_CPU:4.91sec max_RSS:55080kb swaps:0 ctx_sw:464+1 nlines:970 run_try:5  header:'C++ (optimized with -O2)' version:'g++ (Debian 6.1.1-11) 6.1.1 20160802 ' src_file:primes.cpp
# ... run 6
real_TIME:89.98sec user_CPU:85.04sec sys_CPU:4.92sec max_RSS:55068kb swaps:0 ctx_sw:453+1 nlines:940 run_try:6  header:'C++ (optimized with -O2)' version:'g++ (Debian 6.1.1-11) 6.1.1 20160802 ' src_file:primes.cpp
# C++ (not optimized)
# ... compilation
# ... run 1
real_TIME:89.91sec user_CPU:88.08sec sys_CPU:1.82sec max_RSS:55160kb swaps:0 ctx_sw:450+1 nlines:317 run_try:1  header:'C++ (not optimized)' version:'g++ (Debian 6.1.1-11) 6.1.1 20160802 ' src_file:primes.cpp
# ... run 2
real_TIME:89.73sec user_CPU:88.10sec sys_CPU:1.61sec max_RSS:55172kb swaps:0 ctx_sw:442+1 nlines:300 run_try:2  header:'C++ (not optimized)' version:'g++ (Debian 6.1.1-11) 6.1.1 20160802 ' src_file:primes.cpp
# ... run 3
real_TIME:90.04sec user_CPU:88.44sec sys_CPU:1.58sec max_RSS:55088kb swaps:0 ctx_sw:450+1 nlines:319 run_try:3  header:'C++ (not optimized)' version:'g++ (Debian 6.1.1-11) 6.1.1 20160802 ' src_file:primes.cpp
# ... run 4
real_TIME:89.93sec user_CPU:88.23sec sys_CPU:1.68sec max_RSS:54996kb swaps:0 ctx_sw:380+1 nlines:315 run_try:4  header:'C++ (not optimized)' version:'g++ (Debian 6.1.1-11) 6.1.1 20160802 ' src_file:primes.cpp
# ... run 5
real_TIME:90.19sec user_CPU:88.49sec sys_CPU:1.68sec max_RSS:55088kb swaps:0 ctx_sw:346+1 nlines:320 run_try:5  header:'C++ (not optimized)' version:'g++ (Debian 6.1.1-11) 6.1.1 20160802 ' src_file:primes.cpp
# ... run 6
real_TIME:89.89sec user_CPU:88.22sec sys_CPU:1.66sec max_RSS:55152kb swaps:0 ctx_sw:307+1 nlines:319 run_try:6  header:'C++ (not optimized)' version:'g++ (Debian 6.1.1-11) 6.1.1 20160802 ' src_file:primes.cpp
# Go
# ... compilation
# ... run 1
real_TIME:90.06sec user_CPU:137.72sec sys_CPU:3.88sec max_RSS:181672kb swaps:0 ctx_sw:25168+57661 nlines:526 run_try:1  header:'Go' version:'go version go1.7.1 linux/amd64 ' src_file:primes.go
# ... run 2
real_TIME:90.14sec user_CPU:142.59sec sys_CPU:4.30sec max_RSS:161204kb swaps:0 ctx_sw:26858+61383 nlines:543 run_try:2  header:'Go' version:'go version go1.7.1 linux/amd64 ' src_file:primes.go
# ... run 3
real_TIME:90.15sec user_CPU:140.96sec sys_CPU:4.55sec max_RSS:199704kb swaps:0 ctx_sw:25704+60560 nlines:536 run_try:3  header:'Go' version:'go version go1.7.1 linux/amd64 ' src_file:primes.go
# ... run 4
real_TIME:90.13sec user_CPU:142.02sec sys_CPU:4.55sec max_RSS:153920kb swaps:0 ctx_sw:27051+61195 nlines:538 run_try:4  header:'Go' version:'go version go1.7.1 linux/amd64 ' src_file:primes.go
# ... run 5
real_TIME:90.05sec user_CPU:139.35sec sys_CPU:4.51sec max_RSS:183980kb swaps:0 ctx_sw:25611+61025 nlines:528 run_try:5  header:'Go' version:'go version go1.7.1 linux/amd64 ' src_file:primes.go
# ... run 6
real_TIME:90.03sec user_CPU:140.36sec sys_CPU:4.26sec max_RSS:185572kb swaps:0 ctx_sw:26224+59856 nlines:529 run_try:6  header:'Go' version:'go version go1.7.1 linux/amd64 ' src_file:primes.go
# Python 2.7 + PyPy
# ... compilation
# ... run 1
real_TIME:90.13sec user_CPU:82.71sec sys_CPU:7.24sec max_RSS:112576kb swaps:0 ctx_sw:538+204 nlines:605 run_try:1  header:'Python 2.7 + PyPy' version:'Python 2.7.10 (5.4.1+dfsg-1, Sep 06 2016, 23:05:48) [PyPy 5.4.1 with GCC 6.2.0 20160830] ' src_file:primes.py
# ... run 2
real_TIME:90.00sec user_CPU:82.74sec sys_CPU:7.24sec max_RSS:112992kb swaps:0 ctx_sw:280+1 nlines:603 run_try:2  header:'Python 2.7 + PyPy' version:'Python 2.7.10 (5.4.1+dfsg-1, Sep 06 2016, 23:05:48) [PyPy 5.4.1 with GCC 6.2.0 20160830] ' src_file:primes.py
# ... run 3
real_TIME:90.00sec user_CPU:82.79sec sys_CPU:7.19sec max_RSS:113048kb swaps:0 ctx_sw:476+1 nlines:606 run_try:3  header:'Python 2.7 + PyPy' version:'Python 2.7.10 (5.4.1+dfsg-1, Sep 06 2016, 23:05:48) [PyPy 5.4.1 with GCC 6.2.0 20160830] ' src_file:primes.py
# ... run 4
real_TIME:90.00sec user_CPU:82.70sec sys_CPU:7.28sec max_RSS:113136kb swaps:0 ctx_sw:309+1 nlines:596 run_try:4  header:'Python 2.7 + PyPy' version:'Python 2.7.10 (5.4.1+dfsg-1, Sep 06 2016, 23:05:48) [PyPy 5.4.1 with GCC 6.2.0 20160830] ' src_file:primes.py
# ... run 5
real_TIME:89.95sec user_CPU:82.78sec sys_CPU:7.15sec max_RSS:113072kb swaps:0 ctx_sw:275+1 nlines:606 run_try:5  header:'Python 2.7 + PyPy' version:'Python 2.7.10 (5.4.1+dfsg-1, Sep 06 2016, 23:05:48) [PyPy 5.4.1 with GCC 6.2.0 20160830] ' src_file:primes.py
# ... run 6
real_TIME:89.96sec user_CPU:82.60sec sys_CPU:7.34sec max_RSS:113152kb swaps:0 ctx_sw:477+1 nlines:600 run_try:6  header:'Python 2.7 + PyPy' version:'Python 2.7.10 (5.4.1+dfsg-1, Sep 06 2016, 23:05:48) [PyPy 5.4.1 with GCC 6.2.0 20160830] ' src_file:primes.py
# Python 2.7
# ... compilation
# ... run 1
real_TIME:91.26sec user_CPU:90.84sec sys_CPU:0.36sec max_RSS:197296kb swaps:0 ctx_sw:297+59 nlines:35 run_try:1  header:'Python 2.7' version:'Python 2.7.12+ ' src_file:primes.py
# ... run 2
real_TIME:91.78sec user_CPU:91.34sec sys_CPU:0.43sec max_RSS:197228kb swaps:0 ctx_sw:272+1 nlines:36 run_try:2  header:'Python 2.7' version:'Python 2.7.12+ ' src_file:primes.py
# ... run 3
real_TIME:92.19sec user_CPU:91.75sec sys_CPU:0.42sec max_RSS:197308kb swaps:0 ctx_sw:335+1 nlines:37 run_try:3  header:'Python 2.7' version:'Python 2.7.12+ ' src_file:primes.py
# ... run 4
real_TIME:89.90sec user_CPU:89.46sec sys_CPU:0.42sec max_RSS:197228kb swaps:0 ctx_sw:474+1 nlines:36 run_try:4  header:'Python 2.7' version:'Python 2.7.12+ ' src_file:primes.py
# ... run 5
real_TIME:92.23sec user_CPU:91.77sec sys_CPU:0.44sec max_RSS:197196kb swaps:0 ctx_sw:488+1 nlines:37 run_try:5  header:'Python 2.7' version:'Python 2.7.12+ ' src_file:primes.py
# ... run 6
real_TIME:92.11sec user_CPU:91.68sec sys_CPU:0.41sec max_RSS:197304kb swaps:0 ctx_sw:272+1 nlines:37 run_try:6  header:'Python 2.7' version:'Python 2.7.12+ ' src_file:primes.py
# Python 3.5
# ... compilation
# ... run 1
real_TIME:89.61sec user_CPU:88.83sec sys_CPU:0.72sec max_RSS:242688kb swaps:0 ctx_sw:273+70 nlines:49 run_try:1  header:'Python 3.5' version:'Python 3.5.2+ ' src_file:primes.py
# ... run 2
real_TIME:90.92sec user_CPU:90.26sec sys_CPU:0.64sec max_RSS:242756kb swaps:0 ctx_sw:536+1 nlines:51 run_try:2  header:'Python 3.5' version:'Python 3.5.2+ ' src_file:primes.py
# ... run 3
real_TIME:90.60sec user_CPU:89.96sec sys_CPU:0.62sec max_RSS:247856kb swaps:0 ctx_sw:527+1 nlines:48 run_try:3  header:'Python 3.5' version:'Python 3.5.2+ ' src_file:primes.py
# ... run 4
real_TIME:89.23sec user_CPU:88.60sec sys_CPU:0.61sec max_RSS:242576kb swaps:0 ctx_sw:531+1 nlines:50 run_try:4  header:'Python 3.5' version:'Python 3.5.2+ ' src_file:primes.py
# ... run 5
real_TIME:91.34sec user_CPU:90.65sec sys_CPU:0.67sec max_RSS:242828kb swaps:0 ctx_sw:547+1 nlines:51 run_try:5  header:'Python 3.5' version:'Python 3.5.2+ ' src_file:primes.py
# ... run 6
real_TIME:91.14sec user_CPU:90.46sec sys_CPU:0.66sec max_RSS:242732kb swaps:0 ctx_sw:288+1 nlines:51 run_try:6  header:'Python 3.5' version:'Python 3.5.2+ ' src_file:primes.py
# Perl
# ... compilation
# ... run 1
real_TIME:90.77sec user_CPU:90.69sec sys_CPU:0.06sec max_RSS:242600kb swaps:0 ctx_sw:268+19 nlines:36 run_try:1  header:'Perl' version:'This is perl 5, version 24, subversion 1 (v5.24.1) built for x86_64-linux-gnu-thread-multi ' src_file:primes.pl
# ... run 2
real_TIME:89.94sec user_CPU:89.87sec sys_CPU:0.06sec max_RSS:242616kb swaps:0 ctx_sw:262+1 nlines:36 run_try:2  header:'Perl' version:'This is perl 5, version 24, subversion 1 (v5.24.1) built for x86_64-linux-gnu-thread-multi ' src_file:primes.pl
# ... run 3
real_TIME:89.91sec user_CPU:89.84sec sys_CPU:0.05sec max_RSS:242604kb swaps:0 ctx_sw:530+1 nlines:36 run_try:3  header:'Perl' version:'This is perl 5, version 24, subversion 1 (v5.24.1) built for x86_64-linux-gnu-thread-multi ' src_file:primes.pl
# ... run 4
real_TIME:91.37sec user_CPU:91.29sec sys_CPU:0.06sec max_RSS:242680kb swaps:0 ctx_sw:264+1 nlines:36 run_try:4  header:'Perl' version:'This is perl 5, version 24, subversion 1 (v5.24.1) built for x86_64-linux-gnu-thread-multi ' src_file:primes.pl
# ... run 5
real_TIME:90.80sec user_CPU:90.72sec sys_CPU:0.07sec max_RSS:242540kb swaps:0 ctx_sw:260+1 nlines:36 run_try:5  header:'Perl' version:'This is perl 5, version 24, subversion 1 (v5.24.1) built for x86_64-linux-gnu-thread-multi ' src_file:primes.pl
# ... run 6
real_TIME:91.99sec user_CPU:91.92sec sys_CPU:0.05sec max_RSS:242472kb swaps:0 ctx_sw:545+1 nlines:37 run_try:6  header:'Perl' version:'This is perl 5, version 24, subversion 1 (v5.24.1) built for x86_64-linux-gnu-thread-multi ' src_file:primes.pl
# PHP 7.0
# ... compilation
# ... run 1
real_TIME:89.59sec user_CPU:87.15sec sys_CPU:2.41sec max_RSS:231592kb swaps:0 ctx_sw:467+2 nlines:135 run_try:1  header:'PHP 7.0' version:'PHP 7.0.11-1 (cli) ( NTS ) ' src_file:primes.php
# ... run 2
real_TIME:90.20sec user_CPU:87.92sec sys_CPU:2.26sec max_RSS:231332kb swaps:0 ctx_sw:423+1 nlines:138 run_try:2  header:'PHP 7.0' version:'PHP 7.0.11-1 (cli) ( NTS ) ' src_file:primes.php
# ... run 3
real_TIME:90.28sec user_CPU:87.82sec sys_CPU:2.44sec max_RSS:231312kb swaps:0 ctx_sw:476+1 nlines:137 run_try:3  header:'PHP 7.0' version:'PHP 7.0.11-1 (cli) ( NTS ) ' src_file:primes.php
# ... run 4
real_TIME:89.47sec user_CPU:87.26sec sys_CPU:2.19sec max_RSS:231308kb swaps:0 ctx_sw:465+1 nlines:137 run_try:4  header:'PHP 7.0' version:'PHP 7.0.11-1 (cli) ( NTS ) ' src_file:primes.php
# ... run 5
real_TIME:90.40sec user_CPU:87.96sec sys_CPU:2.42sec max_RSS:231464kb swaps:0 ctx_sw:419+1 nlines:137 run_try:5  header:'PHP 7.0' version:'PHP 7.0.11-1 (cli) ( NTS ) ' src_file:primes.php
# ... run 6
real_TIME:89.78sec user_CPU:87.32sec sys_CPU:2.44sec max_RSS:231460kb swaps:0 ctx_sw:473+1 nlines:133 run_try:6  header:'PHP 7.0' version:'PHP 7.0.11-1 (cli) ( NTS ) ' src_file:primes.php
# Java 8
# ... compilation
# ... run 1
real_TIME:90.97sec user_CPU:126.84sec sys_CPU:0.96sec max_RSS:513208kb swaps:0 ctx_sw:3759+5361 nlines:105 run_try:1  header:'Java 8' version:'javac 1.8.0_102 ' src_file:primes.java
# ... run 2
real_TIME:90.93sec user_CPU:127.79sec sys_CPU:0.98sec max_RSS:513332kb swaps:0 ctx_sw:3531+5762 nlines:106 run_try:2  header:'Java 8' version:'javac 1.8.0_102 ' src_file:primes.java
# ... run 3
real_TIME:91.19sec user_CPU:127.40sec sys_CPU:0.70sec max_RSS:513260kb swaps:0 ctx_sw:3604+5459 nlines:106 run_try:3  header:'Java 8' version:'javac 1.8.0_102 ' src_file:primes.java
# ... run 4
real_TIME:90.10sec user_CPU:125.43sec sys_CPU:0.72sec max_RSS:513348kb swaps:0 ctx_sw:3708+5575 nlines:106 run_try:4  header:'Java 8' version:'javac 1.8.0_102 ' src_file:primes.java
# ... run 5
real_TIME:91.03sec user_CPU:126.98sec sys_CPU:0.81sec max_RSS:513444kb swaps:0 ctx_sw:3600+5710 nlines:105 run_try:5  header:'Java 8' version:'javac 1.8.0_102 ' src_file:primes.java
# ... run 6
real_TIME:90.92sec user_CPU:126.98sec sys_CPU:0.85sec max_RSS:513292kb swaps:0 ctx_sw:3485+5313 nlines:105 run_try:6  header:'Java 8' version:'javac 1.8.0_102 ' src_file:primes.java
# Java 8 (non-std lib)
# ... compilation
# ... run 1
real_TIME:90.12sec user_CPU:89.77sec sys_CPU:0.73sec max_RSS:477096kb swaps:0 ctx_sw:4329+6261 nlines:822 run_try:1  header:'Java 8 (non-std lib)' version:'javac 1.8.0_102 ' src_file:primes-alt.java
# ... run 2
real_TIME:90.11sec user_CPU:89.71sec sys_CPU:0.77sec max_RSS:460384kb swaps:0 ctx_sw:3775+6297 nlines:834 run_try:2  header:'Java 8 (non-std lib)' version:'javac 1.8.0_102 ' src_file:primes-alt.java
# ... run 3
real_TIME:90.15sec user_CPU:89.98sec sys_CPU:0.36sec max_RSS:445280kb swaps:0 ctx_sw:4710+6048 nlines:818 run_try:3  header:'Java 8 (non-std lib)' version:'javac 1.8.0_102 ' src_file:primes-alt.java
# ... run 4
real_TIME:90.15sec user_CPU:89.78sec sys_CPU:0.60sec max_RSS:461080kb swaps:0 ctx_sw:4539+6167 nlines:810 run_try:4  header:'Java 8 (non-std lib)' version:'javac 1.8.0_102 ' src_file:primes-alt.java
# ... run 5
real_TIME:90.16sec user_CPU:89.93sec sys_CPU:0.48sec max_RSS:459752kb swaps:0 ctx_sw:4672+6015 nlines:813 run_try:5  header:'Java 8 (non-std lib)' version:'javac 1.8.0_102 ' src_file:primes-alt.java
# ... run 6
real_TIME:90.10sec user_CPU:89.89sec sys_CPU:0.40sec max_RSS:445876kb swaps:0 ctx_sw:4744+6058 nlines:816 run_try:6  header:'Java 8 (non-std lib)' version:'javac 1.8.0_102 ' src_file:primes-alt.java
# JavaScript (nodejs)
# ... compilation
# ... run 1
real_TIME:90.69sec user_CPU:84.16sec sys_CPU:6.47sec max_RSS:699676kb swaps:0 ctx_sw:504+142 nlines:126 run_try:1  header:'JavaScript (nodejs)' version:'v4.3.1 ' src_file:primes.js
# ... run 2
real_TIME:90.52sec user_CPU:83.98sec sys_CPU:6.53sec max_RSS:477724kb swaps:0 ctx_sw:438+88 nlines:127 run_try:2  header:'JavaScript (nodejs)' version:'v4.3.1 ' src_file:primes.js
# ... run 3
real_TIME:90.22sec user_CPU:83.93sec sys_CPU:6.29sec max_RSS:477728kb swaps:0 ctx_sw:378+72 nlines:127 run_try:3  header:'JavaScript (nodejs)' version:'v4.3.1 ' src_file:primes.js
# ... run 4
real_TIME:90.37sec user_CPU:84.13sec sys_CPU:6.24sec max_RSS:477632kb swaps:0 ctx_sw:370+72 nlines:127 run_try:4  header:'JavaScript (nodejs)' version:'v4.3.1 ' src_file:primes.js
# ... run 5
real_TIME:90.40sec user_CPU:84.28sec sys_CPU:6.11sec max_RSS:478000kb swaps:0 ctx_sw:376+70 nlines:122 run_try:5  header:'JavaScript (nodejs)' version:'v4.3.1 ' src_file:primes.js
# ... run 6
real_TIME:90.48sec user_CPU:84.12sec sys_CPU:6.36sec max_RSS:477724kb swaps:0 ctx_sw:279+72 nlines:127 run_try:6  header:'JavaScript (nodejs)' version:'v4.3.1 ' src_file:primes.js
# Ruby
# ... compilation
# ... run 1
real_TIME:90.34sec user_CPU:88.71sec sys_CPU:1.56sec max_RSS:228368kb swaps:0 ctx_sw:386+82 nlines:70 run_try:1  header:'Ruby' version:'ruby 2.3.1p112 (2016-04-26) [x86_64-linux-gnu] ' src_file:primes.rb
# ... run 2
real_TIME:90.90sec user_CPU:89.36sec sys_CPU:1.52sec max_RSS:228444kb swaps:0 ctx_sw:298+3 nlines:72 run_try:2  header:'Ruby' version:'ruby 2.3.1p112 (2016-04-26) [x86_64-linux-gnu] ' src_file:primes.rb
# ... run 3
real_TIME:90.41sec user_CPU:88.74sec sys_CPU:1.66sec max_RSS:228364kb swaps:0 ctx_sw:391+3 nlines:71 run_try:3  header:'Ruby' version:'ruby 2.3.1p112 (2016-04-26) [x86_64-linux-gnu] ' src_file:primes.rb
# ... run 4
real_TIME:90.28sec user_CPU:88.72sec sys_CPU:1.55sec max_RSS:228372kb swaps:0 ctx_sw:394+3 nlines:71 run_try:4  header:'Ruby' version:'ruby 2.3.1p112 (2016-04-26) [x86_64-linux-gnu] ' src_file:primes.rb
# ... run 5
real_TIME:89.46sec user_CPU:87.94sec sys_CPU:1.50sec max_RSS:228420kb swaps:0 ctx_sw:348+3 nlines:71 run_try:5  header:'Ruby' version:'ruby 2.3.1p112 (2016-04-26) [x86_64-linux-gnu] ' src_file:primes.rb
# ... run 6
real_TIME:90.00sec user_CPU:88.44sec sys_CPU:1.54sec max_RSS:228504kb swaps:0 ctx_sw:550+3 nlines:71 run_try:6  header:'Ruby' version:'ruby 2.3.1p112 (2016-04-26) [x86_64-linux-gnu] ' src_file:primes.rb
# Rust
# ... compilation
# ... run 1
real_TIME:90.06sec user_CPU:79.26sec sys_CPU:10.77sec max_RSS:36272kb swaps:0 ctx_sw:1174+1 nlines:924 run_try:1  header:'Rust' version:'rustc 1.12.0 (3191fbae9 2016-09-23) ' src_file:primes.rs
# ... run 2
real_TIME:90.02sec user_CPU:79.61sec sys_CPU:10.39sec max_RSS:36140kb swaps:0 ctx_sw:385+1 nlines:934 run_try:2  header:'Rust' version:'rustc 1.12.0 (3191fbae9 2016-09-23) ' src_file:primes.rs
# ... run 3
real_TIME:90.02sec user_CPU:79.46sec sys_CPU:10.53sec max_RSS:36224kb swaps:0 ctx_sw:720+1 nlines:943 run_try:3  header:'Rust' version:'rustc 1.12.0 (3191fbae9 2016-09-23) ' src_file:primes.rs
# ... run 4
real_TIME:90.02sec user_CPU:79.18sec sys_CPU:10.80sec max_RSS:36228kb swaps:0 ctx_sw:1232+1 nlines:945 run_try:4  header:'Rust' version:'rustc 1.12.0 (3191fbae9 2016-09-23) ' src_file:primes.rs
# ... run 5
real_TIME:90.07sec user_CPU:79.28sec sys_CPU:10.75sec max_RSS:36268kb swaps:0 ctx_sw:1277+1 nlines:910 run_try:5  header:'Rust' version:'rustc 1.12.0 (3191fbae9 2016-09-23) ' src_file:primes.rs
# ... run 6
real_TIME:90.03sec user_CPU:78.92sec sys_CPU:11.07sec max_RSS:36140kb swaps:0 ctx_sw:1286+1 nlines:895 run_try:6  header:'Rust' version:'rustc 1.12.0 (3191fbae9 2016-09-23) ' src_file:primes.rs
